TN:
SF:src/Account.sol
FN:60,Account.createAccount
FNDA:6,Account.createAccount
DA:63,6
FN:73,Account.createAccount
FNDA:1,Account.createAccount
DA:76,1
DA:77,1
FN:80,Account._createAccount
FNDA:7,Account._createAccount
DA:83,7
DA:84,7
DA:85,7
DA:86,7
FN:95,Account.burnAccount
FNDA:0,Account.burnAccount
DA:96,0
DA:97,0
BRDA:97,0,0,-
BRDA:97,0,1,-
DA:98,0
DA:100,0
DA:101,0
FN:111,Account.changeManager
FNDA:0,Account.changeManager
DA:114,0
DA:115,0
BRDA:115,1,0,-
BRDA:115,1,1,-
DA:116,0
DA:118,0
DA:121,0
DA:122,0
DA:124,0
DA:125,0
DA:128,0
DA:131,0
DA:133,0
FN:149,Account.setAssetAllowances
FNDA:21,Account.setAssetAllowances
DA:154,21
DA:155,21
DA:156,21
DA:157,40
DA:158,40
FN:169,Account.setSubIdAllowances
FNDA:6,Account.setSubIdAllowances
DA:174,6
DA:175,6
DA:176,6
DA:177,12
DA:178,12
FN:184,Account._isApprovedOrOwner
FNDA:520,Account._isApprovedOrOwner
DA:187,520
DA:191,520
BRDA:190,2,0,275
BRDA:190,2,1,245
DA:194,275
DA:197,245
FN:209,Account.submitTransfer
FNDA:1,Account.submitTransfer
DA:212,1
DA:213,1
DA:214,1
FN:224,Account.submitTransfers
FNDA:28,Account.submitTransfers
DA:227,28
DA:230,28
DA:231,28
DA:233,28
DA:234,246
DA:236,238
DA:237,238
BRDA:237,3,0,-
BRDA:237,3,1,21
DA:238,21
DA:240,238
DA:241,238
BRDA:241,4,0,-
BRDA:241,4,1,21
DA:242,21
DA:246,20
DA:247,40
FN:257,Account._transferAsset
FNDA:247,Account._transferAsset
DA:261,247
BRDA:261,5,0,-
BRDA:261,5,1,247
DA:262,0
DA:265,247
DA:273,247
DA:281,247
DA:282,246
DA:284,239
DA:285,239
FN:294,Account.adjustBalance
FNDA:7,Account.adjustBalance
DA:298,7
DA:299,7
FN:306,Account._adjustBalance
FNDA:485,Account._adjustBalance
DA:307,485
DA:309,485
DA:312,485
DA:319,485
DA:320,485
BRDA:320,6,0,1
BRDA:320,6,1,484
DA:321,1
DA:322,484
BRDA:322,7,0,261
BRDA:322,7,1,484
DA:323,261
DA:326,485
FN:352,Account._managerHook
FNDA:49,Account._managerHook
DA:357,49
FN:373,Account._assetHook
FNDA:485,Account._assetHook
DA:378,485
FN:393,Account._spendAllowance
FNDA:493,Account._spendAllowance
DA:397,493
BRDA:397,8,0,241
BRDA:397,8,1,485
DA:400,241
BRDA:400,9,0,241
BRDA:400,9,1,485
DA:403,241
DA:404,241
BRDA:404,10,0,173
BRDA:404,10,1,68
DA:405,173
DA:413,68
FN:423,Account._spendAbsAllowance
FNDA:241,Account._spendAbsAllowance
DA:430,241
DA:431,241
DA:433,241
DA:435,241
BRDA:435,11,0,3
BRDA:435,11,1,238
DA:436,3
DA:437,238
BRDA:437,12,0,230
BRDA:437,12,1,8
DA:438,230
DA:439,230
DA:441,8
FN:461,Account._addHeldAsset
FNDA:261,Account._addHeldAsset
DA:464,261
DA:465,261
FN:474,Account._removeHeldAsset
FNDA:1,Account._removeHeldAsset
DA:479,1
DA:481,1
BRDA:481,13,0,-
BRDA:481,13,1,-
DA:482,0
DA:483,0
DA:486,0
DA:489,1
FN:492,Account._abs
FNDA:241,Account._abs
DA:493,241
FN:501,Account._getUniqueAssets
FNDA:0,Account._getUniqueAssets
DA:504,0
DA:506,0
DA:507,0
BRDA:507,14,0,-
BRDA:507,14,1,-
DA:508,0
FN:513,Account._findInArray
FNDA:476,Account._findInArray
DA:516,476
DA:517,476
DA:518,714
BRDA:518,15,0,672
BRDA:518,15,1,42
DA:519,714
DA:521,672
BRDA:521,16,0,434
BRDA:521,16,1,238
DA:522,434
FN:527,Account._findInArray
FNDA:0,Account._findInArray
DA:530,0
DA:531,0
DA:532,0
BRDA:532,17,0,-
BRDA:532,17,1,-
DA:533,0
DA:535,0
BRDA:535,18,0,-
BRDA:535,18,1,-
DA:536,0
FN:551,Account.getBalance
FNDA:61,Account.getBalance
DA:556,61
DA:558,61
FN:566,Account.getAccountBalances
FNDA:43,Account.getAccountBalances
DA:568,43
FN:571,Account._getAccountBalances
FNDA:43,Account._getAccountBalances
DA:576,43
DA:577,43
DA:578,43
DA:579,500
DA:580,500
DA:583,500
DA:589,43
FNF:26
FNH:22
LF:124
LH:94
BRF:38
BRH:23
end_of_record
TN:
SF:test/account/unit-tests/AccountTestBase.sol
FN:28,AccountTestBase.setUpAccounts
FNDA:0,AccountTestBase.setUpAccounts
DA:29,0
DA:30,0
DA:32,0
DA:35,0
DA:36,0
DA:38,0
DA:39,0
DA:41,0
DA:43,0
DA:44,0
DA:47,0
DA:54,0
FN:63,AccountTestBase.mintAndDeposit
FNDA:0,AccountTestBase.mintAndDeposit
DA:70,0
DA:72,0
DA:73,0
DA:74,0
DA:75,0
FN:78,AccountTestBase.tradeTokens
FNDA:0,AccountTestBase.tradeTokens
DA:88,0
DA:97,0
DA:106,0
DA:107,0
DA:108,0
DA:109,0
DA:111,0
FNF:3
FNH:0
LF:24
LH:0
BRF:0
BRH:0
end_of_record
TN:
SF:test/mocks/TestERC20.sol
FN:13,TestERC20.permitMint
FNDA:0,TestERC20.permitMint
DA:14,0
BRDA:14,0,0,-
BRDA:14,0,1,-
DA:15,0
FN:18,TestERC20.mint
FNDA:4,TestERC20.mint
DA:19,4
BRDA:19,1,0,-
BRDA:19,1,1,4
DA:20,4
FN:23,TestERC20.burn
FNDA:0,TestERC20.burn
DA:24,0
BRDA:24,2,0,-
BRDA:24,2,1,-
DA:25,0
FNF:3
FNH:1
LF:6
LH:2
BRF:6
BRH:1
end_of_record
TN:
SF:test/mocks/assets/BaseWrapper.sol
FN:23,BaseWrapper.deposit
FNDA:0,BaseWrapper.deposit
DA:24,0
DA:34,0
FN:37,BaseWrapper.withdraw
FNDA:0,BaseWrapper.withdraw
DA:38,0
DA:48,0
BRDA:48,0,0,-
BRDA:48,0,1,-
DA:49,0
FN:52,BaseWrapper.handleAdjustment
FNDA:0,BaseWrapper.handleAdjustment
DA:55,0
BRDA:55,1,0,-
BRDA:55,1,1,-
DA:56,0
FN:59,BaseWrapper.handleManagerChange
FNDA:0,BaseWrapper.handleManagerChange
FNF:4
FNH:0
LF:7
LH:0
BRF:4
BRH:0
end_of_record
TN:
SF:test/mocks/assets/DumbAsset.sol
FN:19,DumbAsset.deposit
FNDA:0,DumbAsset.deposit
DA:20,0
DA:30,0
FN:33,DumbAsset.withdraw
FNDA:0,DumbAsset.withdraw
DA:34,0
DA:44,0
FN:47,DumbAsset.handleAdjustment
FNDA:14,DumbAsset.handleAdjustment
DA:50,14
FN:53,DumbAsset.handleManagerChange
FNDA:0,DumbAsset.handleManagerChange
FNF:4
FNH:1
LF:5
LH:1
BRF:0
BRH:0
end_of_record
TN:
SF:test/mocks/assets/OptionToken.sol
FN:57,OptionToken.setManagerAllowed
FNDA:0,OptionToken.setManagerAllowed
DA:58,0
FN:65,OptionToken.handleAdjustment
FNDA:348,OptionToken.handleAdjustment
DA:69,348
DA:70,348
DA:72,348
BRDA:72,0,0,-
BRDA:72,0,1,-
DA:73,0
BRDA:73,1,0,-
BRDA:73,1,1,-
DA:74,0
BRDA:74,2,0,-
BRDA:74,2,1,-
DA:75,0
DA:78,348
BRDA:78,3,0,-
BRDA:78,3,1,348
DA:80,348
DA:82,348
FN:88,OptionToken.incrementLiquidations
FNDA:0,OptionToken.incrementLiquidations
DA:89,0
BRDA:89,4,0,-
BRDA:89,4,1,-
DA:90,0
FN:94,OptionToken.decrementLiquidations
FNDA:0,OptionToken.decrementLiquidations
DA:95,0
BRDA:95,5,0,-
BRDA:95,5,1,-
DA:96,0
FN:104,OptionToken.getValue
FNDA:0,OptionToken.getValue
DA:105,0
DA:106,0
DA:108,0
BRDA:108,6,0,-
BRDA:108,6,1,-
DA:109,0
DA:111,0
DA:114,0
DA:122,0
DA:123,0
FN:129,OptionToken.calculateSettlement
FNDA:0,OptionToken.calculateSettlement
DA:130,0
DA:131,0
DA:133,0
BRDA:133,7,0,-
BRDA:133,7,1,-
DA:134,0
DA:136,0
DA:138,0
FN:141,OptionToken._getSettlementValue
FNDA:0,OptionToken._getSettlementValue
DA:142,0
DA:144,0
BRDA:144,8,0,-
BRDA:144,8,1,-
DA:146,0
DA:147,0
BRDA:147,9,0,-
BRDA:147,9,1,-
DA:149,0
DA:152,0
FN:159,OptionToken._ratiodBalance
FNDA:0,OptionToken._ratiodBalance
DA:160,0
BRDA:160,10,0,-
BRDA:160,10,1,-
DA:162,0
DA:165,0
FN:168,OptionToken.handleManagerChange
FNDA:0,OptionToken.handleManagerChange
FN:170,OptionToken.addListing
FNDA:125,OptionToken.addListing
DA:171,125
DA:176,125
DA:177,125
DA:178,125
DA:179,125
FN:182,OptionToken.socializeLoss
FNDA:2,OptionToken.socializeLoss
DA:183,2
BRDA:183,11,0,-
BRDA:183,11,1,2
DA:187,2
DA:198,2
FN:201,OptionToken._getPostBalWithRatio
FNDA:348,OptionToken._getPostBalWithRatio
DA:202,348
DA:203,348
BRDA:203,12,0,1
BRDA:203,12,1,52
DA:204,53
DA:208,53
BRDA:208,13,0,1
BRDA:208,13,1,52
DA:209,1
DA:211,52
DA:214,295
DA:219,295
BRDA:219,14,0,122
BRDA:219,14,1,173
DA:220,122
DA:222,173
FN:227,OptionToken._applyRatio
FNDA:122,OptionToken._applyRatio
DA:228,122
FN:231,OptionToken._applyInverseRatio
FNDA:469,OptionToken._applyInverseRatio
DA:232,469
DA:233,469
FN:236,OptionToken._updateOI
FNDA:348,OptionToken._updateOI
DA:238,348
BRDA:238,15,0,53
BRDA:238,15,1,295
DA:239,53
DA:241,295
DA:244,348
BRDA:244,16,0,174
BRDA:244,16,1,174
DA:245,174
DA:247,174
FN:252,OptionToken._abs
FNDA:696,OptionToken._abs
DA:253,696
FNF:16
FNH:8
LF:65
LH:34
BRF:34
BRH:12
end_of_record
TN:
SF:test/mocks/assets/QuoteWrapper.sol
FN:25,QuoteWrapper.setManagerAllowed
FNDA:0,QuoteWrapper.setManagerAllowed
DA:26,0
FN:29,QuoteWrapper.deposit
FNDA:3,QuoteWrapper.deposit
DA:30,3
DA:40,3
FN:44,QuoteWrapper.withdraw
FNDA:0,QuoteWrapper.withdraw
DA:45,0
DA:55,0
FN:58,QuoteWrapper.handleAdjustment
FNDA:119,QuoteWrapper.handleAdjustment
DA:61,119
BRDA:61,0,0,-
BRDA:61,0,1,119
DA:62,119
FN:65,QuoteWrapper.handleManagerChange
FNDA:0,QuoteWrapper.handleManagerChange
FNF:5
FNH:2
LF:7
LH:4
BRF:2
BRH:1
end_of_record
TN:
SF:test/mocks/assets/lending/ContinuousJumpRateModel.sol
FN:77,ContinuousJumpRateModel.getBorrowInterestFactor
FNDA:1,ContinuousJumpRateModel.getBorrowInterestFactor
DA:80,1
DA:81,1
FN:92,ContinuousJumpRateModel.getBorrowRate
FNDA:0,ContinuousJumpRateModel.getBorrowRate
DA:93,1
DA:95,1
BRDA:95,0,0,1
BRDA:95,0,1,-
DA:96,1
DA:98,0
DA:99,0
DA:100,0
FN:112,ContinuousJumpRateModel.getSupplyRate
FNDA:0,ContinuousJumpRateModel.getSupplyRate
DA:113,0
DA:114,0
DA:115,0
DA:116,0
FN:125,ContinuousJumpRateModel.utilizationRate
FNDA:0,ContinuousJumpRateModel.utilizationRate
DA:127,1
BRDA:127,1,0,-
BRDA:127,1,1,1
DA:128,0
DA:131,1
FNF:4
FNH:1
LF:15
LH:7
BRF:4
BRH:2
end_of_record
TN:
SF:test/mocks/assets/lending/Lending.sol
FN:54,Lending.handleAdjustment
FNDA:4,Lending.handleAdjustment
DA:57,4
BRDA:57,0,0,-
BRDA:57,0,1,4
DA:61,4
DA:63,4
BRDA:63,1,0,-
BRDA:63,1,1,4
DA:64,0
DA:67,4
DA:68,4
DA:71,4
BRDA:71,2,0,1
BRDA:71,2,1,3
DA:72,1
DA:73,3
BRDA:73,3,0,2
BRDA:73,3,1,3
DA:74,2
DA:79,4
BRDA:79,4,0,1
BRDA:79,4,1,3
DA:80,1
DA:81,3
BRDA:81,5,0,3
BRDA:81,5,1,-
DA:82,3
DA:83,0
BRDA:83,6,0,-
BRDA:83,6,1,-
DA:84,0
DA:85,0
DA:87,0
DA:88,0
FN:92,Lending.handleManagerChange
FNDA:0,Lending.handleManagerChange
FN:101,Lending.getBalance
FNDA:51,Lending.getBalance
DA:102,51
DA:103,51
FN:110,Lending.updateBalance
FNDA:0,Lending.updateBalance
DA:112,0
FN:124,Lending.deposit
FNDA:1,Lending.deposit
DA:125,1
DA:135,1
FN:138,Lending.withdraw
FNDA:1,Lending.withdraw
DA:139,1
DA:149,1
FN:156,Lending._getBalanceFresh
FNDA:55,Lending._getBalanceFresh
DA:161,55
BRDA:161,7,0,-
BRDA:161,7,1,55
DA:162,0
DA:165,55
DA:166,55
BRDA:166,8,0,9
BRDA:166,8,1,46
DA:167,9
DA:168,46
BRDA:168,9,0,3
BRDA:168,9,1,43
DA:169,3
DA:171,43
DA:173,12
DA:175,12
FN:185,Lending.accrueInterest
FNDA:0,Lending.accrueInterest
DA:187,55
DA:188,55
BRDA:188,10,0,54
BRDA:188,10,1,1
DA:191,1
DA:192,1
DA:195,1
DA:198,1
DA:199,1
DA:202,1
DA:204,1
DA:205,1
DA:206,1
DA:208,1
DA:209,1
DA:212,1
FN:224,Lending.getCash
FNDA:2,Lending.getCash
DA:225,2
FN:233,Lending.socializeLoss
FNDA:0,Lending.socializeLoss
DA:237,0
DA:248,0
DA:249,0
DA:252,0
FN:255,Lending.setManagerAllowed
FNDA:0,Lending.setManagerAllowed
DA:256,0
FN:259,Lending.setInterestRateModel
FNDA:0,Lending.setInterestRateModel
DA:260,0
DA:261,0
FN:268,Lending._setInterestRateModelFresh
FNDA:0,Lending._setInterestRateModelFresh
DA:269,0
DA:272,0
BRDA:272,11,0,-
BRDA:272,11,1,-
DA:273,0
DA:277,0
BRDA:277,12,0,-
BRDA:277,12,1,-
DA:281,0
DA:282,0
FN:285,Lending.reduceReserves
FNDA:0,Lending.reduceReserves
DA:286,0
DA:287,0
FN:296,Lending._reduceReservesFresh
FNDA:0,Lending._reduceReservesFresh
DA:300,0
BRDA:300,13,0,-
BRDA:300,13,1,-
DA:301,0
DA:305,0
BRDA:305,14,0,-
BRDA:305,14,1,-
DA:306,0
DA:310,0
DA:311,0
BRDA:311,15,0,-
BRDA:311,15,1,-
DA:312,0
DA:315,0
DA:319,0
DA:321,0
FNF:15
FNH:6
LF:76
LH:43
BRF:32
BRH:16
end_of_record
TN:
SF:test/mocks/feeds/IVFeeds.sol
FN:13,IVFeeds.setIVForFeed
FNDA:0,IVFeeds.setIVForFeed
DA:14,0
FN:17,IVFeeds.getIVForFeed
FNDA:0,IVFeeds.getIVForFeed
DA:18,0
DA:19,0
BRDA:19,0,0,-
BRDA:19,0,1,-
DA:20,0
FN:23,IVFeeds.assignFeedToSubId
FNDA:0,IVFeeds.assignFeedToSubId
DA:24,0
FN:27,IVFeeds.getIVForSubId
FNDA:0,IVFeeds.getIVForSubId
DA:28,0
FNF:4
FNH:0
LF:6
LH:0
BRF:2
BRH:0
end_of_record
TN:
SF:test/mocks/feeds/PriceFeeds.sol
FN:21,TestPriceFeeds.setSpotForFeed
FNDA:0,TestPriceFeeds.setSpotForFeed
DA:22,0
FN:25,TestPriceFeeds.getSpotForFeed
FNDA:0,TestPriceFeeds.getSpotForFeed
DA:26,43
DA:27,43
BRDA:27,0,0,-
BRDA:27,0,1,43
DA:28,0
FN:31,TestPriceFeeds.assignFeedToAsset
FNDA:0,TestPriceFeeds.assignFeedToAsset
DA:32,0
BRDA:32,1,0,-
BRDA:32,1,1,-
DA:33,0
FN:36,TestPriceFeeds.getSpotForAsset
FNDA:43,TestPriceFeeds.getSpotForAsset
DA:37,43
FNF:4
FNH:1
LF:7
LH:3
BRF:4
BRH:1
end_of_record
TN:
SF:test/mocks/feeds/SettlementPricer.sol
FN:23,SettlementPricer.setSettlementPrice
FNDA:0,SettlementPricer.setSettlementPrice
DA:24,0
BRDA:24,0,0,-
BRDA:24,0,1,-
DA:25,0
BRDA:25,1,0,-
BRDA:25,1,1,-
DA:26,0
FN:32,SettlementPricer.maybeGetSettlementDetails
FNDA:0,SettlementPricer.maybeGetSettlementDetails
DA:33,0
FN:36,SettlementPricer.getSettlementDetails
FNDA:0,SettlementPricer.getSettlementDetails
DA:37,0
BRDA:37,2,0,-
BRDA:37,2,1,-
DA:38,0
FN:41,SettlementPricer.getSettlementDetailsForAsset
FNDA:0,SettlementPricer.getSettlementDetailsForAsset
DA:42,0
FNF:4
FNH:0
LF:7
LH:0
BRF:6
BRH:0
end_of_record
TN:
SF:test/mocks/managers/DumbManager.sol
FN:14,DumbManager.handleAdjustment
FNDA:6,DumbManager.handleAdjustment
FN:17,DumbManager.handleManagerChange
FNDA:0,DumbManager.handleManagerChange
FNF:2
FNH:1
LF:0
LH:0
BRF:0
BRH:0
end_of_record
TN:
SF:test/mocks/managers/PortfolioRiskManager.sol
FN:72,PortfolioRiskManager.setScenarios
FNDA:0,PortfolioRiskManager.setScenarios
DA:73,0
DA:74,0
DA:75,0
DA:76,0
FN:83,PortfolioRiskManager.flagLiquidation
FNDA:0,PortfolioRiskManager.flagLiquidation
DA:84,0
DA:85,0
BRDA:85,0,0,-
BRDA:85,0,1,-
DA:86,0
DA:88,0
DA:90,0
DA:91,0
BRDA:91,1,0,-
BRDA:91,1,1,-
DA:93,0
FN:99,PortfolioRiskManager.liquidateAccount
FNDA:0,PortfolioRiskManager.liquidateAccount
DA:101,0
BRDA:101,2,0,-
BRDA:101,2,1,-
DA:104,0
DA:114,0
DA:116,0
DA:126,0
DA:128,0
DA:129,0
DA:130,0
BRDA:130,3,0,-
BRDA:130,3,1,-
DA:131,0
DA:134,0
FN:140,PortfolioRiskManager.settleAssets
FNDA:0,PortfolioRiskManager.settleAssets
DA:142,0
DA:143,0
DA:144,0
DA:146,0
DA:148,0
BRDA:148,4,0,-
BRDA:148,4,1,-
DA:150,0
DA:161,0
FN:176,PortfolioRiskManager.handleAdjustment
FNDA:43,PortfolioRiskManager.handleAdjustment
DA:177,43
FN:180,PortfolioRiskManager.assessRisk
FNDA:0,PortfolioRiskManager.assessRisk
DA:181,43
BRDA:181,5,0,-
BRDA:181,5,1,43
DA:182,0
DA:184,43
BRDA:184,6,0,-
BRDA:184,6,1,43
DA:185,0
FN:189,PortfolioRiskManager._isAccountLiquidatable
FNDA:43,PortfolioRiskManager._isAccountLiquidatable
DA:191,43
DA:194,43
DA:195,43
DA:198,43
DA:201,43
DA:202,43
DA:203,43
DA:204,43
DA:205,500
DA:207,500
BRDA:207,7,0,460
BRDA:207,7,1,40
DA:209,460
DA:214,40
BRDA:214,8,0,-
BRDA:214,8,1,40
DA:215,0
DA:216,40
BRDA:216,9,0,37
BRDA:216,9,1,3
DA:217,37
DA:218,3
BRDA:218,10,0,3
BRDA:218,10,1,-
DA:219,3
DA:221,0
DA:225,43
BRDA:225,11,0,-
BRDA:225,11,1,43
DA:226,0
DA:229,43
FN:232,PortfolioRiskManager.handleManagerChange
FNDA:0,PortfolioRiskManager.handleManagerChange
FNF:8
FNH:2
LF:54
LH:21
BRF:24
BRH:9
end_of_record
TN:
SF:test/util/LyraHelper.sol
FN:42,LyraHelper.deployPRMSystem
FNDA:0,LyraHelper.deployPRMSystem
DA:43,0
DA:46,0
DA:49,0
DA:52,0
DA:53,0
DA:54,0
DA:55,0
DA:58,0
DA:60,0
DA:61,0
DA:64,0
DA:65,0
DA:68,0
DA:69,0
DA:70,0
DA:71,0
DA:73,0
FN:76,LyraHelper.setPrices
FNDA:0,LyraHelper.setPrices
DA:77,0
DA:78,0
DA:79,0
DA:80,0
FN:83,LyraHelper.setScenarios
FNDA:0,LyraHelper.setScenarios
DA:84,0
DA:85,0
DA:86,0
FN:89,LyraHelper.tradeCallOption
FNDA:0,LyraHelper.tradeCallOption
DA:90,0
DA:99,0
DA:108,0
DA:109,0
DA:110,0
DA:112,0
FN:115,LyraHelper.setupDefaultScenarios
FNDA:0,LyraHelper.setupDefaultScenarios
DA:116,0
DA:117,0
DA:119,0
DA:120,0
DA:121,0
DA:124,0
DA:125,0
FN:128,LyraHelper.createAccountAndDepositUSDC
FNDA:0,LyraHelper.createAccountAndDepositUSDC
DA:129,0
DA:130,0
DA:131,0
DA:133,0
BRDA:133,0,0,-
BRDA:133,0,1,-
DA:134,0
DA:135,0
DA:136,0
DA:138,0
DA:139,0
DA:140,0
DA:141,0
DA:143,0
FN:146,LyraHelper.createAccountAndDepositDaiLending
FNDA:0,LyraHelper.createAccountAndDepositDaiLending
DA:147,0
DA:148,0
DA:149,0
DA:151,0
BRDA:151,1,0,-
BRDA:151,1,1,-
DA:152,0
DA:153,0
DA:154,0
DA:156,0
DA:157,0
DA:158,0
DA:159,0
DA:161,0
FN:164,LyraHelper.setupMaxAssetAllowancesForAll
FNDA:0,LyraHelper.setupMaxAssetAllowancesForAll
DA:165,0
DA:166,0
DA:167,0
DA:172,0
DA:178,0
DA:179,0
FN:182,LyraHelper.setupMaxSingleAssetAllowance
FNDA:0,LyraHelper.setupMaxSingleAssetAllowance
DA:183,0
DA:184,0
DA:185,0
DA:191,0
DA:192,0
FNF:9
FNH:0
LF:72
LH:0
BRF:4
BRH:0
end_of_record
